2021-06-27 20:06:927 INFO  BasePage :34 - Launching Chrome Browser 
2021-06-27 20:06:585 INFO  HomePage :28 - clicking on Bank manager Login tab[[ChromeDriver: chrome on WINDOWS (654cadbc39ba00b467cf283216537831)] -> xpath: //button[contains(text(), 'Bank Manager Login')]]
2021-06-27 20:06:986 INFO  BankManagerLoginPage :21 - clicking on add customer tab[[ChromeDriver: chrome on WINDOWS (654cadbc39ba00b467cf283216537831)] -> xpath: //button[@ng-click='addCust()']]
2021-06-27 20:06:44 INFO  AddCustomerPage :30 - Enter first name[[ChromeDriver: chrome on WINDOWS (654cadbc39ba00b467cf283216537831)] -> xpath: //body[1]/div[3]/div[1]/div[2]/div[1]/div[2]/div[1]/div[1]/form[1]/div[1]/input[1]]
2021-06-27 20:06:251 INFO  AddCustomerPage :34 - Enter last name[[ChromeDriver: chrome on WINDOWS (654cadbc39ba00b467cf283216537831)] -> xpath: //input[@placeholder='Last Name']]
2021-06-27 20:06:506 INFO  AddCustomerPage :38 - Enter postcode[[ChromeDriver: chrome on WINDOWS (654cadbc39ba00b467cf283216537831)] -> xpath: 
//body[1]/div[3]/div[1]/div[2]/div[1]/div[2]/div[1]/div[1]/form[1]/div[3]/input[1]]
2021-06-27 20:06:548 INFO  AddCustomerPage :41 - clicking add customer button[[ChromeDriver: chrome on WINDOWS (654cadbc39ba00b467cf283216537831)] -> xpath: //div[@class='form-group']//following-sibling::div[2]//following::button[@type='submit']]
2021-06-27 20:06:918 INFO  BasePage :34 - Launching Chrome Browser 
2021-06-27 20:06:166 INFO  HomePage :28 - clicking on Bank manager Login tab[[ChromeDriver: chrome on WINDOWS (021d6b106fdb1e9b0e4e9f09b652be8f)] -> xpath: //button[contains(text(), 'Bank Manager Login')]]
2021-06-27 20:06:450 INFO  BankManagerLoginPage :21 - clicking on add customer tab[[ChromeDriver: chrome on WINDOWS (021d6b106fdb1e9b0e4e9f09b652be8f)] -> xpath: //button[@ng-click='addCust()']]
2021-06-27 20:06:469 INFO  AddCustomerPage :30 - Enter first name[[ChromeDriver: chrome on WINDOWS (021d6b106fdb1e9b0e4e9f09b652be8f)] -> xpath: //body[1]/div[3]/div[1]/div[2]/div[1]/div[2]/div[1]/div[1]/form[1]/div[1]/input[1]]
2021-06-27 20:06:656 INFO  AddCustomerPage :34 - Enter last name[[ChromeDriver: chrome on WINDOWS (021d6b106fdb1e9b0e4e9f09b652be8f)] -> xpath: //input[@placeholder='Last Name']]
2021-06-27 20:06:878 INFO  AddCustomerPage :38 - Enter postcode[[ChromeDriver: chrome on WINDOWS (021d6b106fdb1e9b0e4e9f09b652be8f)] -> xpath: 
//body[1]/div[3]/div[1]/div[2]/div[1]/div[2]/div[1]/div[1]/form[1]/div[3]/input[1]]
2021-06-27 20:06:912 INFO  AddCustomerPage :41 - clicking add customer button[[ChromeDriver: chrome on WINDOWS (021d6b106fdb1e9b0e4e9f09b652be8f)] -> xpath: //div[@class='form-group']//following-sibling::div[2]//following::button[@type='submit']]
2021-06-27 22:06:340 INFO  BasePage :34 - Launching Chrome Browser 
2021-06-27 22:06:166 INFO  HomePage :28 - clicking on Bank manager Login tab[[ChromeDriver: chrome on WINDOWS (0b4a414f4fe70678c4b223ec8336ddb0)] -> xpath: //button[contains(text(), 'Bank Manager Login')]]
2021-06-27 22:06:950 INFO  BankManagerLoginPage :21 - clicking on add customer tab[[ChromeDriver: chrome on WINDOWS (0b4a414f4fe70678c4b223ec8336ddb0)] -> xpath: //button[@ng-click='addCust()']]
2021-06-27 22:06:80 INFO  AddCustomerPage :30 - Enter first name[[ChromeDriver: chrome on WINDOWS (0b4a414f4fe70678c4b223ec8336ddb0)] -> xpath: //body[1]/div[3]/div[1]/div[2]/div[1]/div[2]/div[1]/div[1]/form[1]/div[1]/input[1]]
2021-06-27 22:06:381 INFO  AddCustomerPage :34 - Enter last name[[ChromeDriver: chrome on WINDOWS (0b4a414f4fe70678c4b223ec8336ddb0)] -> xpath: //input[@placeholder='Last Name']]
2021-06-27 22:06:765 INFO  AddCustomerPage :38 - Enter postcode[[ChromeDriver: chrome on WINDOWS (0b4a414f4fe70678c4b223ec8336ddb0)] -> xpath: 
//body[1]/div[3]/div[1]/div[2]/div[1]/div[2]/div[1]/div[1]/form[1]/div[3]/input[1]]
2021-06-27 22:06:813 INFO  AddCustomerPage :41 - clicking add customer button[[ChromeDriver: chrome on WINDOWS (0b4a414f4fe70678c4b223ec8336ddb0)] -> xpath: //div[@class='form-group']//following-sibling::div[2]//following::button[@type='submit']]
2021-06-27 22:06:450 INFO  BankManagerLoginPage :25 - clicking open account tab[[ChromeDriver: chrome on WINDOWS (0b4a414f4fe70678c4b223ec8336ddb0)] -> xpath: //button[@ng-click='openAccount()']]
2021-06-27 22:06:758 INFO  OpenAccountPage :36 - Selecting Customer from DropDown[[ChromeDriver: chrome on WINDOWS (0b4a414f4fe70678c4b223ec8336ddb0)] -> xpath: //option[text() = 'Hermoine Granger']]
2021-06-27 22:06:164 INFO  OpenAccountPage :43 - clicking on currency[[ChromeDriver: chrome on WINDOWS (0b4a414f4fe70678c4b223ec8336ddb0)] -> xpath: //select[@id = 'currency']][[ChromeDriver: chrome on WINDOWS (0b4a414f4fe70678c4b223ec8336ddb0)] -> xpath: //option[contains(text(),  'Pound')]]
2021-06-27 22:06:372 INFO  OpenAccountPage :48 - clicking on process button[[ChromeDriver: chrome on WINDOWS (0b4a414f4fe70678c4b223ec8336ddb0)] -> xpath: //button[contains(text(), 'Process')]]
2021-06-27 22:06:340 INFO  BasePage :34 - Launching Chrome Browser 
2021-06-27 22:06:566 INFO  HomePage :28 - clicking on Bank manager Login tab[[ChromeDriver: chrome on WINDOWS (f54bdd343967dd2859c22696b3d242f7)] -> xpath: //button[contains(text(), 'Bank Manager Login')]]
2021-06-27 22:06:847 INFO  BankManagerLoginPage :21 - clicking on add customer tab[[ChromeDriver: chrome on WINDOWS (f54bdd343967dd2859c22696b3d242f7)] -> xpath: //button[@ng-click='addCust()']]
2021-06-27 22:06:522 INFO  AddCustomerPage :30 - Enter first name[[ChromeDriver: chrome on WINDOWS (f54bdd343967dd2859c22696b3d242f7)] -> xpath: //body[1]/div[3]/div[1]/div[2]/div[1]/div[2]/div[1]/div[1]/form[1]/div[1]/input[1]]
2021-06-27 22:06:810 INFO  AddCustomerPage :34 - Enter last name[[ChromeDriver: chrome on WINDOWS (f54bdd343967dd2859c22696b3d242f7)] -> xpath: //input[@placeholder='Last Name']]
2021-06-27 22:06:213 INFO  AddCustomerPage :38 - Enter postcode[[ChromeDriver: chrome on WINDOWS (f54bdd343967dd2859c22696b3d242f7)] -> xpath: 
//body[1]/div[3]/div[1]/div[2]/div[1]/div[2]/div[1]/div[1]/form[1]/div[3]/input[1]]
2021-06-27 22:06:267 INFO  AddCustomerPage :41 - clicking add customer button[[ChromeDriver: chrome on WINDOWS (f54bdd343967dd2859c22696b3d242f7)] -> xpath: //div[@class='form-group']//following-sibling::div[2]//following::button[@type='submit']]
2021-06-27 22:06:941 INFO  BankManagerLoginPage :25 - clicking open account tab[[ChromeDriver: chrome on WINDOWS (f54bdd343967dd2859c22696b3d242f7)] -> xpath: //button[@ng-click='openAccount()']]
2021-06-27 22:06:415 INFO  OpenAccountPage :36 - Selecting Customer from DropDown[[ChromeDriver: chrome on WINDOWS (f54bdd343967dd2859c22696b3d242f7)] -> xpath: //option[text() = 'Hermoine Granger']]
2021-06-27 22:06:861 INFO  OpenAccountPage :43 - clicking on currency[[ChromeDriver: chrome on WINDOWS (f54bdd343967dd2859c22696b3d242f7)] -> xpath: //select[@id = 'currency']][[ChromeDriver: chrome on WINDOWS (f54bdd343967dd2859c22696b3d242f7)] -> xpath: //option[contains(text(),  'Pound')]]
2021-06-27 22:06:73 INFO  OpenAccountPage :48 - clicking on process button[[ChromeDriver: chrome on WINDOWS (f54bdd343967dd2859c22696b3d242f7)] -> xpath: //button[contains(text(), 'Process')]]
2021-06-27 22:06:453 INFO  BasePage :34 - Launching Chrome Browser 
2021-06-27 22:06:906 INFO  HomePage :28 - clicking on Bank manager Login tab[[ChromeDriver: chrome on WINDOWS (ad17b31d4a2d6bd898709de1456ed08d)] -> xpath: //button[contains(text(), 'Bank Manager Login')]]
2021-06-27 22:06:660 INFO  BankManagerLoginPage :21 - clicking on add customer tab[[ChromeDriver: chrome on WINDOWS (ad17b31d4a2d6bd898709de1456ed08d)] -> xpath: //button[@ng-click='addCust()']]
2021-06-27 22:06:412 INFO  AddCustomerPage :30 - Enter first name[[ChromeDriver: chrome on WINDOWS (ad17b31d4a2d6bd898709de1456ed08d)] -> xpath: //body[1]/div[3]/div[1]/div[2]/div[1]/div[2]/div[1]/div[1]/form[1]/div[1]/input[1]]
2021-06-27 22:06:692 INFO  AddCustomerPage :34 - Enter last name[[ChromeDriver: chrome on WINDOWS (ad17b31d4a2d6bd898709de1456ed08d)] -> xpath: //input[@placeholder='Last Name']]
2021-06-27 22:06:125 INFO  AddCustomerPage :38 - Enter postcode[[ChromeDriver: chrome on WINDOWS (ad17b31d4a2d6bd898709de1456ed08d)] -> xpath: 
//body[1]/div[3]/div[1]/div[2]/div[1]/div[2]/div[1]/div[1]/form[1]/div[3]/input[1]]
2021-06-27 22:06:185 INFO  AddCustomerPage :41 - clicking add customer button[[ChromeDriver: chrome on WINDOWS (ad17b31d4a2d6bd898709de1456ed08d)] -> xpath: //div[@class='form-group']//following-sibling::div[2]//following::button[@type='submit']]
2021-06-27 22:06:949 INFO  HomePage :32 - clicking on home tab[[ChromeDriver: chrome on WINDOWS (ad17b31d4a2d6bd898709de1456ed08d)] -> xpath: //button[@class = 'btn home']]
2021-06-27 22:06:85 INFO  HomePage :24 - clicking on customerLogin tab[[ChromeDriver: chrome on WINDOWS (ad17b31d4a2d6bd898709de1456ed08d)] -> xpath: //button[contains(text(), 'Customer Login')]]
2021-06-27 22:06:376 INFO  OpenAccountPage :36 - Selecting Customer from DropDown[[ChromeDriver: chrome on WINDOWS (ad17b31d4a2d6bd898709de1456ed08d)] -> xpath: //option[text() = 'Hermoine Granger']]
2021-06-27 22:06:560 INFO  CustomerLoginPage :29 - Clikcing on Login Tab[[ChromeDriver: chrome on WINDOWS (ad17b31d4a2d6bd898709de1456ed08d)] -> xpath: //button[text()='Login']]
2021-06-27 22:06:261 INFO  BasePage :34 - Launching Chrome Browser 
2021-06-27 22:06:593 INFO  HomePage :28 - clicking on Bank manager Login tab[[ChromeDriver: chrome on WINDOWS (7279bf8b3968cab5b95b7332ab379d11)] -> xpath: //button[contains(text(), 'Bank Manager Login')]]
2021-06-27 22:06:91 INFO  BankManagerLoginPage :21 - clicking on add customer tab[[ChromeDriver: chrome on WINDOWS (7279bf8b3968cab5b95b7332ab379d11)] -> xpath: //button[@ng-click='addCust()']]
2021-06-27 22:06:425 INFO  AddCustomerPage :30 - Enter first name[[ChromeDriver: chrome on WINDOWS (7279bf8b3968cab5b95b7332ab379d11)] -> xpath: //body[1]/div[3]/div[1]/div[2]/div[1]/div[2]/div[1]/div[1]/form[1]/div[1]/input[1]]
2021-06-27 22:06:760 INFO  AddCustomerPage :34 - Enter last name[[ChromeDriver: chrome on WINDOWS (7279bf8b3968cab5b95b7332ab379d11)] -> xpath: //input[@placeholder='Last Name']]
2021-06-27 22:06:110 INFO  AddCustomerPage :38 - Enter postcode[[ChromeDriver: chrome on WINDOWS (7279bf8b3968cab5b95b7332ab379d11)] -> xpath: 
//body[1]/div[3]/div[1]/div[2]/div[1]/div[2]/div[1]/div[1]/form[1]/div[3]/input[1]]
2021-06-27 22:06:171 INFO  AddCustomerPage :41 - clicking add customer button[[ChromeDriver: chrome on WINDOWS (7279bf8b3968cab5b95b7332ab379d11)] -> xpath: //div[@class='form-group']//following-sibling::div[2]//following::button[@type='submit']]
2021-06-27 22:06:866 INFO  BankManagerLoginPage :25 - clicking open account tab[[ChromeDriver: chrome on WINDOWS (7279bf8b3968cab5b95b7332ab379d11)] -> xpath: //button[@ng-click='openAccount()']]
2021-06-27 22:06:173 INFO  OpenAccountPage :36 - Selecting Customer from DropDown[[ChromeDriver: chrome on WINDOWS (7279bf8b3968cab5b95b7332ab379d11)] -> xpath: //option[text() = 'Hermoine Granger']]
2021-06-27 22:06:560 INFO  OpenAccountPage :43 - clicking on currency[[ChromeDriver: chrome on WINDOWS (7279bf8b3968cab5b95b7332ab379d11)] -> xpath: //select[@id = 'currency']][[ChromeDriver: chrome on WINDOWS (7279bf8b3968cab5b95b7332ab379d11)] -> xpath: //option[contains(text(),  'Pound')]]
2021-06-27 22:06:768 INFO  OpenAccountPage :48 - clicking on process button[[ChromeDriver: chrome on WINDOWS (7279bf8b3968cab5b95b7332ab379d11)] -> xpath: //button[contains(text(), 'Process')]]
2021-06-27 22:06:763 INFO  BasePage :34 - Launching Chrome Browser 
2021-06-27 22:06:340 INFO  HomePage :28 - clicking on Bank manager Login tab[[ChromeDriver: chrome on WINDOWS (b1ba4bbc03e9b665ee936b3744baffbe)] -> xpath: //button[contains(text(), 'Bank Manager Login')]]
2021-06-27 22:06:226 INFO  BankManagerLoginPage :21 - clicking on add customer tab[[ChromeDriver: chrome on WINDOWS (b1ba4bbc03e9b665ee936b3744baffbe)] -> xpath: //button[@ng-click='addCust()']]
2021-06-27 22:06:69 INFO  AddCustomerPage :30 - Enter first name[[ChromeDriver: chrome on WINDOWS (b1ba4bbc03e9b665ee936b3744baffbe)] -> xpath: //body[1]/div[3]/div[1]/div[2]/div[1]/div[2]/div[1]/div[1]/form[1]/div[1]/input[1]]
2021-06-27 22:06:434 INFO  AddCustomerPage :34 - Enter last name[[ChromeDriver: chrome on WINDOWS (b1ba4bbc03e9b665ee936b3744baffbe)] -> xpath: //input[@placeholder='Last Name']]
2021-06-27 22:06:795 INFO  AddCustomerPage :38 - Enter postcode[[ChromeDriver: chrome on WINDOWS (b1ba4bbc03e9b665ee936b3744baffbe)] -> xpath: 
//body[1]/div[3]/div[1]/div[2]/div[1]/div[2]/div[1]/div[1]/form[1]/div[3]/input[1]]
2021-06-27 22:06:837 INFO  AddCustomerPage :41 - clicking add customer button[[ChromeDriver: chrome on WINDOWS (b1ba4bbc03e9b665ee936b3744baffbe)] -> xpath: //div[@class='form-group']//following-sibling::div[2]//following::button[@type='submit']]
2021-06-27 22:06:526 INFO  HomePage :32 - clicking on home tab[[ChromeDriver: chrome on WINDOWS (b1ba4bbc03e9b665ee936b3744baffbe)] -> xpath: //button[@class = 'btn home']]
2021-06-27 22:06:677 INFO  HomePage :24 - clicking on customerLogin tab[[ChromeDriver: chrome on WINDOWS (b1ba4bbc03e9b665ee936b3744baffbe)] -> xpath: //button[contains(text(), 'Customer Login')]]
2021-06-27 22:06:977 INFO  OpenAccountPage :36 - Selecting Customer from DropDown[[ChromeDriver: chrome on WINDOWS (b1ba4bbc03e9b665ee936b3744baffbe)] -> xpath: //option[text() = 'Hermoine Granger']]
2021-06-27 22:06:148 INFO  CustomerLoginPage :29 - Clikcing on Login Tab[[ChromeDriver: chrome on WINDOWS (b1ba4bbc03e9b665ee936b3744baffbe)] -> xpath: //button[text()='Login']]
2021-06-27 22:06:197 INFO  CustomersPage :21 - verifying logout tab[[ChromeDriver: chrome on WINDOWS (b1ba4bbc03e9b665ee936b3744baffbe)] -> xpath: //button[@ng-click = 'byebye()']]
2021-06-27 22:06:380 INFO  BasePage :34 - Launching Chrome Browser 
2021-06-27 22:06:261 INFO  HomePage :28 - clicking on Bank manager Login tab[[ChromeDriver: chrome on WINDOWS (c1b0fdc7765300d637c92ab51357c438)] -> xpath: //button[contains(text(), 'Bank Manager Login')]]
2021-06-27 22:06:772 INFO  BankManagerLoginPage :21 - clicking on add customer tab[[ChromeDriver: chrome on WINDOWS (c1b0fdc7765300d637c92ab51357c438)] -> xpath: //button[@ng-click='addCust()']]
2021-06-27 22:06:168 INFO  AddCustomerPage :30 - Enter first name[[ChromeDriver: chrome on WINDOWS (c1b0fdc7765300d637c92ab51357c438)] -> xpath: //body[1]/div[3]/div[1]/div[2]/div[1]/div[2]/div[1]/div[1]/form[1]/div[1]/input[1]]
2021-06-27 22:06:506 INFO  AddCustomerPage :34 - Enter last name[[ChromeDriver: chrome on WINDOWS (c1b0fdc7765300d637c92ab51357c438)] -> xpath: //input[@placeholder='Last Name']]
2021-06-27 22:06:950 INFO  AddCustomerPage :38 - Enter postcode[[ChromeDriver: chrome on WINDOWS (c1b0fdc7765300d637c92ab51357c438)] -> xpath: 
//body[1]/div[3]/div[1]/div[2]/div[1]/div[2]/div[1]/div[1]/form[1]/div[3]/input[1]]
2021-06-27 22:06:993 INFO  AddCustomerPage :41 - clicking add customer button[[ChromeDriver: chrome on WINDOWS (c1b0fdc7765300d637c92ab51357c438)] -> xpath: //div[@class='form-group']//following-sibling::div[2]//following::button[@type='submit']]
2021-06-27 22:06:693 INFO  BankManagerLoginPage :25 - clicking open account tab[[ChromeDriver: chrome on WINDOWS (c1b0fdc7765300d637c92ab51357c438)] -> xpath: //button[@ng-click='openAccount()']]
2021-06-27 22:06:978 INFO  OpenAccountPage :36 - Selecting Customer from DropDown[[ChromeDriver: chrome on WINDOWS (c1b0fdc7765300d637c92ab51357c438)] -> xpath: //option[text() = 'Hermoine Granger']]
2021-06-27 22:06:413 INFO  OpenAccountPage :43 - clicking on currency[[ChromeDriver: chrome on WINDOWS (c1b0fdc7765300d637c92ab51357c438)] -> xpath: //select[@id = 'currency']][[ChromeDriver: chrome on WINDOWS (c1b0fdc7765300d637c92ab51357c438)] -> xpath: //option[contains(text(),  'Pound')]]
2021-06-27 22:06:637 INFO  OpenAccountPage :48 - clicking on process button[[ChromeDriver: chrome on WINDOWS (c1b0fdc7765300d637c92ab51357c438)] -> xpath: //button[contains(text(), 'Process')]]
2021-06-27 22:06:678 INFO  BasePage :34 - Launching Chrome Browser 
2021-06-27 22:06:264 INFO  HomePage :28 - clicking on Bank manager Login tab[[ChromeDriver: chrome on WINDOWS (6e79adc8d1615a753227928b4fc422c8)] -> xpath: //button[contains(text(), 'Bank Manager Login')]]
2021-06-27 22:06:21 INFO  BankManagerLoginPage :21 - clicking on add customer tab[[ChromeDriver: chrome on WINDOWS (6e79adc8d1615a753227928b4fc422c8)] -> xpath: //button[@ng-click='addCust()']]
2021-06-27 22:06:635 INFO  AddCustomerPage :30 - Enter first name[[ChromeDriver: chrome on WINDOWS (6e79adc8d1615a753227928b4fc422c8)] -> xpath: //body[1]/div[3]/div[1]/div[2]/div[1]/div[2]/div[1]/div[1]/form[1]/div[1]/input[1]]
2021-06-27 22:06:983 INFO  AddCustomerPage :34 - Enter last name[[ChromeDriver: chrome on WINDOWS (6e79adc8d1615a753227928b4fc422c8)] -> xpath: //input[@placeholder='Last Name']]
2021-06-27 22:06:439 INFO  AddCustomerPage :38 - Enter postcode[[ChromeDriver: chrome on WINDOWS (6e79adc8d1615a753227928b4fc422c8)] -> xpath: 
//body[1]/div[3]/div[1]/div[2]/div[1]/div[2]/div[1]/div[1]/form[1]/div[3]/input[1]]
2021-06-27 22:06:494 INFO  AddCustomerPage :41 - clicking add customer button[[ChromeDriver: chrome on WINDOWS (6e79adc8d1615a753227928b4fc422c8)] -> xpath: //div[@class='form-group']//following-sibling::div[2]//following::button[@type='submit']]
2021-06-27 22:06:347 INFO  HomePage :32 - clicking on home tab[[ChromeDriver: chrome on WINDOWS (6e79adc8d1615a753227928b4fc422c8)] -> xpath: //button[@class = 'btn home']]
2021-06-27 22:06:501 INFO  HomePage :24 - clicking on customerLogin tab[[ChromeDriver: chrome on WINDOWS (6e79adc8d1615a753227928b4fc422c8)] -> xpath: //button[contains(text(), 'Customer Login')]]
2021-06-27 22:06:839 INFO  OpenAccountPage :36 - Selecting Customer from DropDown[[ChromeDriver: chrome on WINDOWS (6e79adc8d1615a753227928b4fc422c8)] -> xpath: //option[text() = 'Hermoine Granger']]
2021-06-27 22:06:86 INFO  CustomerLoginPage :29 - Clikcing on Login Tab[[ChromeDriver: chrome on WINDOWS (6e79adc8d1615a753227928b4fc422c8)] -> xpath: //button[text()='Login']]
2021-06-27 22:06:168 INFO  CustomersPage :21 - verifying logout tab[[ChromeDriver: chrome on WINDOWS (6e79adc8d1615a753227928b4fc422c8)] -> xpath: //button[@ng-click = 'byebye()']]
2021-06-27 22:06:844 INFO  BasePage :34 - Launching Chrome Browser 
2021-06-27 22:06:160 INFO  HomePage :28 - clicking on Bank manager Login tab[[ChromeDriver: chrome on WINDOWS (04b078baf2c11f6b451289247bd3f628)] -> xpath: //button[contains(text(), 'Bank Manager Login')]]
2021-06-27 22:06:446 INFO  BankManagerLoginPage :21 - clicking on add customer tab[[ChromeDriver: chrome on WINDOWS (04b078baf2c11f6b451289247bd3f628)] -> xpath: //button[@ng-click='addCust()']]
2021-06-27 22:06:734 INFO  AddCustomerPage :30 - Enter first name[[ChromeDriver: chrome on WINDOWS (04b078baf2c11f6b451289247bd3f628)] -> xpath: //body[1]/div[3]/div[1]/div[2]/div[1]/div[2]/div[1]/div[1]/form[1]/div[1]/input[1]]
2021-06-27 22:06:100 INFO  AddCustomerPage :34 - Enter last name[[ChromeDriver: chrome on WINDOWS (04b078baf2c11f6b451289247bd3f628)] -> xpath: //input[@placeholder='Last Name']]
2021-06-27 22:06:465 INFO  AddCustomerPage :38 - Enter postcode[[ChromeDriver: chrome on WINDOWS (04b078baf2c11f6b451289247bd3f628)] -> xpath: 
//body[1]/div[3]/div[1]/div[2]/div[1]/div[2]/div[1]/div[1]/form[1]/div[3]/input[1]]
2021-06-27 22:06:522 INFO  AddCustomerPage :41 - clicking add customer button[[ChromeDriver: chrome on WINDOWS (04b078baf2c11f6b451289247bd3f628)] -> xpath: //div[@class='form-group']//following-sibling::div[2]//following::button[@type='submit']]
2021-06-27 22:06:268 INFO  BankManagerLoginPage :25 - clicking open account tab[[ChromeDriver: chrome on WINDOWS (04b078baf2c11f6b451289247bd3f628)] -> xpath: //button[@ng-click='openAccount()']]
2021-06-27 22:06:574 INFO  OpenAccountPage :36 - Selecting Customer from DropDown[[ChromeDriver: chrome on WINDOWS (04b078baf2c11f6b451289247bd3f628)] -> xpath: //option[text() = 'Hermoine Granger']]
2021-06-27 22:06:54 INFO  OpenAccountPage :43 - clicking on currency[[ChromeDriver: chrome on WINDOWS (04b078baf2c11f6b451289247bd3f628)] -> xpath: //select[@id = 'currency']][[ChromeDriver: chrome on WINDOWS (04b078baf2c11f6b451289247bd3f628)] -> xpath: //option[contains(text(),  'Pound')]]
2021-06-27 22:06:258 INFO  OpenAccountPage :48 - clicking on process button[[ChromeDriver: chrome on WINDOWS (04b078baf2c11f6b451289247bd3f628)] -> xpath: //button[contains(text(), 'Process')]]
2021-06-27 22:06:291 INFO  BasePage :34 - Launching Chrome Browser 
2021-06-27 22:06:296 INFO  HomePage :28 - clicking on Bank manager Login tab[[ChromeDriver: chrome on WINDOWS (dc5e85ae84fde612029e8975c14d852a)] -> xpath: //button[contains(text(), 'Bank Manager Login')]]
2021-06-27 22:06:34 INFO  BankManagerLoginPage :21 - clicking on add customer tab[[ChromeDriver: chrome on WINDOWS (dc5e85ae84fde612029e8975c14d852a)] -> xpath: //button[@ng-click='addCust()']]
2021-06-27 22:06:02 INFO  AddCustomerPage :30 - Enter first name[[ChromeDriver: chrome on WINDOWS (dc5e85ae84fde612029e8975c14d852a)] -> xpath: //body[1]/div[3]/div[1]/div[2]/div[1]/div[2]/div[1]/div[1]/form[1]/div[1]/input[1]]
2021-06-27 22:06:246 INFO  AddCustomerPage :34 - Enter last name[[ChromeDriver: chrome on WINDOWS (dc5e85ae84fde612029e8975c14d852a)] -> xpath: //input[@placeholder='Last Name']]
2021-06-27 22:06:582 INFO  AddCustomerPage :38 - Enter postcode[[ChromeDriver: chrome on WINDOWS (dc5e85ae84fde612029e8975c14d852a)] -> xpath: 
//body[1]/div[3]/div[1]/div[2]/div[1]/div[2]/div[1]/div[1]/form[1]/div[3]/input[1]]
2021-06-27 22:06:653 INFO  AddCustomerPage :41 - clicking add customer button[[ChromeDriver: chrome on WINDOWS (dc5e85ae84fde612029e8975c14d852a)] -> xpath: //div[@class='form-group']//following-sibling::div[2]//following::button[@type='submit']]
2021-06-27 22:06:388 INFO  HomePage :32 - clicking on home tab[[ChromeDriver: chrome on WINDOWS (dc5e85ae84fde612029e8975c14d852a)] -> xpath: //button[@class = 'btn home']]
2021-06-27 22:06:616 INFO  HomePage :24 - clicking on customerLogin tab[[ChromeDriver: chrome on WINDOWS (dc5e85ae84fde612029e8975c14d852a)] -> xpath: //button[contains(text(), 'Customer Login')]]
2021-06-27 22:06:946 INFO  OpenAccountPage :36 - Selecting Customer from DropDown[[ChromeDriver: chrome on WINDOWS (dc5e85ae84fde612029e8975c14d852a)] -> xpath: //option[text() = 'Hermoine Granger']]
2021-06-27 22:06:119 INFO  CustomerLoginPage :29 - Clikcing on Login Tab[[ChromeDriver: chrome on WINDOWS (dc5e85ae84fde612029e8975c14d852a)] -> xpath: //button[text()='Login']]
2021-06-27 22:06:167 INFO  CustomersPage :21 - verifying logout tab[[ChromeDriver: chrome on WINDOWS (dc5e85ae84fde612029e8975c14d852a)] -> xpath: //button[@ng-click = 'byebye()']]
2021-06-27 22:06:43 INFO  BasePage :34 - Launching Chrome Browser 
2021-06-27 22:06:810 INFO  HomePage :28 - clicking on Bank manager Login tab[[ChromeDriver: chrome on WINDOWS (1be2d5040550ca00f7493268047b8c65)] -> xpath: //button[contains(text(), 'Bank Manager Login')]]
2021-06-27 22:06:429 INFO  BankManagerLoginPage :21 - clicking on add customer tab[[ChromeDriver: chrome on WINDOWS (1be2d5040550ca00f7493268047b8c65)] -> xpath: //button[@ng-click='addCust()']]
2021-06-27 22:06:655 INFO  AddCustomerPage :30 - Enter first name[[ChromeDriver: chrome on WINDOWS (1be2d5040550ca00f7493268047b8c65)] -> xpath: //body[1]/div[3]/div[1]/div[2]/div[1]/div[2]/div[1]/div[1]/form[1]/div[1]/input[1]]
2021-06-27 22:06:895 INFO  AddCustomerPage :34 - Enter last name[[ChromeDriver: chrome on WINDOWS (1be2d5040550ca00f7493268047b8c65)] -> xpath: //input[@placeholder='Last Name']]
2021-06-27 22:06:474 INFO  AddCustomerPage :38 - Enter postcode[[ChromeDriver: chrome on WINDOWS (1be2d5040550ca00f7493268047b8c65)] -> xpath: 
//body[1]/div[3]/div[1]/div[2]/div[1]/div[2]/div[1]/div[1]/form[1]/div[3]/input[1]]
2021-06-27 22:06:523 INFO  AddCustomerPage :41 - clicking add customer button[[ChromeDriver: chrome on WINDOWS (1be2d5040550ca00f7493268047b8c65)] -> xpath: //div[@class='form-group']//following-sibling::div[2]//following::button[@type='submit']]
2021-06-27 22:06:253 INFO  BankManagerLoginPage :25 - clicking open account tab[[ChromeDriver: chrome on WINDOWS (1be2d5040550ca00f7493268047b8c65)] -> xpath: //button[@ng-click='openAccount()']]
2021-06-27 22:06:559 INFO  OpenAccountPage :36 - Selecting Customer from DropDown[[ChromeDriver: chrome on WINDOWS (1be2d5040550ca00f7493268047b8c65)] -> xpath: //option[text() = 'Hermoine Granger']]
2021-06-27 22:06:992 INFO  OpenAccountPage :43 - clicking on currency[[ChromeDriver: chrome on WINDOWS (1be2d5040550ca00f7493268047b8c65)] -> xpath: //select[@id = 'currency']][[ChromeDriver: chrome on WINDOWS (1be2d5040550ca00f7493268047b8c65)] -> xpath: //option[contains(text(),  'Pound')]]
2021-06-27 22:06:192 INFO  OpenAccountPage :48 - clicking on process button[[ChromeDriver: chrome on WINDOWS (1be2d5040550ca00f7493268047b8c65)] -> xpath: //button[contains(text(), 'Process')]]
2021-06-27 22:06:337 INFO  BasePage :34 - Launching Chrome Browser 
2021-06-27 22:06:121 INFO  HomePage :28 - clicking on Bank manager Login tab[[ChromeDriver: chrome on WINDOWS (00f6461f510cb4d21ab30430d602d26e)] -> xpath: //button[contains(text(), 'Bank Manager Login')]]
2021-06-27 22:06:964 INFO  BankManagerLoginPage :21 - clicking on add customer tab[[ChromeDriver: chrome on WINDOWS (00f6461f510cb4d21ab30430d602d26e)] -> xpath: //button[@ng-click='addCust()']]
2021-06-27 22:06:802 INFO  AddCustomerPage :30 - Enter first name[[ChromeDriver: chrome on WINDOWS (00f6461f510cb4d21ab30430d602d26e)] -> xpath: //body[1]/div[3]/div[1]/div[2]/div[1]/div[2]/div[1]/div[1]/form[1]/div[1]/input[1]]
2021-06-27 22:06:157 INFO  AddCustomerPage :34 - Enter last name[[ChromeDriver: chrome on WINDOWS (00f6461f510cb4d21ab30430d602d26e)] -> xpath: //input[@placeholder='Last Name']]
2021-06-27 22:06:602 INFO  AddCustomerPage :38 - Enter postcode[[ChromeDriver: chrome on WINDOWS (00f6461f510cb4d21ab30430d602d26e)] -> xpath: 
//body[1]/div[3]/div[1]/div[2]/div[1]/div[2]/div[1]/div[1]/form[1]/div[3]/input[1]]
2021-06-27 22:06:680 INFO  AddCustomerPage :41 - clicking add customer button[[ChromeDriver: chrome on WINDOWS (00f6461f510cb4d21ab30430d602d26e)] -> xpath: //div[@class='form-group']//following-sibling::div[2]//following::button[@type='submit']]
2021-06-27 22:06:247 INFO  HomePage :32 - clicking on home tab[[ChromeDriver: chrome on WINDOWS (00f6461f510cb4d21ab30430d602d26e)] -> xpath: //button[@class = 'btn home']]
2021-06-27 22:06:421 INFO  HomePage :24 - clicking on customerLogin tab[[ChromeDriver: chrome on WINDOWS (00f6461f510cb4d21ab30430d602d26e)] -> xpath: //button[contains(text(), 'Customer Login')]]
2021-06-27 22:06:685 INFO  OpenAccountPage :36 - Selecting Customer from DropDown[[ChromeDriver: chrome on WINDOWS (00f6461f510cb4d21ab30430d602d26e)] -> xpath: //option[text() = 'Hermoine Granger']]
2021-06-27 22:06:956 INFO  CustomerLoginPage :29 - Clikcing on Login Tab[[ChromeDriver: chrome on WINDOWS (00f6461f510cb4d21ab30430d602d26e)] -> xpath: //button[text()='Login']]
2021-06-27 22:06:14 INFO  CustomersPage :21 - verifying logout tab[[ChromeDriver: chrome on WINDOWS (00f6461f510cb4d21ab30430d602d26e)] -> xpath: //button[@ng-click = 'byebye()']]
2021-06-27 22:06:225 INFO  CustomersPage :32 - Clicking on Log Out tab[[ChromeDriver: chrome on WINDOWS (00f6461f510cb4d21ab30430d602d26e)] -> xpath: //button[@ng-click = 'byebye()']]
2021-06-27 22:06:261 INFO  CustomersPage :25 - verifying your name text[[ChromeDriver: chrome on WINDOWS (00f6461f510cb4d21ab30430d602d26e)] -> xpath: //label[contains(text() , 'Your Name :')]]
2021-06-27 23:06:636 INFO  BasePage :34 - Launching Chrome Browser 
2021-06-27 23:06:664 INFO  HomePage :28 - clicking on Bank manager Login tab[[ChromeDriver: chrome on WINDOWS (ef61e84e5a45400adcdcf56f7074396c)] -> xpath: //button[contains(text(), 'Bank Manager Login')]]
2021-06-27 23:06:506 INFO  BankManagerLoginPage :21 - clicking on add customer tab[[ChromeDriver: chrome on WINDOWS (ef61e84e5a45400adcdcf56f7074396c)] -> xpath: //button[@ng-click='addCust()']]
2021-06-27 23:06:304 INFO  AddCustomerPage :30 - Enter first name[[ChromeDriver: chrome on WINDOWS (ef61e84e5a45400adcdcf56f7074396c)] -> xpath: //body[1]/div[3]/div[1]/div[2]/div[1]/div[2]/div[1]/div[1]/form[1]/div[1]/input[1]]
2021-06-27 23:06:585 INFO  AddCustomerPage :34 - Enter last name[[ChromeDriver: chrome on WINDOWS (ef61e84e5a45400adcdcf56f7074396c)] -> xpath: //input[@placeholder='Last Name']]
2021-06-27 23:06:27 INFO  AddCustomerPage :38 - Enter postcode[[ChromeDriver: chrome on WINDOWS (ef61e84e5a45400adcdcf56f7074396c)] -> xpath: 
//body[1]/div[3]/div[1]/div[2]/div[1]/div[2]/div[1]/div[1]/form[1]/div[3]/input[1]]
2021-06-27 23:06:183 INFO  AddCustomerPage :41 - clicking add customer button[[ChromeDriver: chrome on WINDOWS (ef61e84e5a45400adcdcf56f7074396c)] -> xpath: //div[@class='form-group']//following-sibling::div[2]//following::button[@type='submit']]
2021-06-27 23:06:783 INFO  BankManagerLoginPage :25 - clicking open account tab[[ChromeDriver: chrome on WINDOWS (ef61e84e5a45400adcdcf56f7074396c)] -> xpath: //button[@ng-click='openAccount()']]
2021-06-27 23:06:234 INFO  OpenAccountPage :36 - Selecting Customer from DropDown[[ChromeDriver: chrome on WINDOWS (ef61e84e5a45400adcdcf56f7074396c)] -> xpath: //option[text() = 'Hermoine Granger']]
2021-06-27 23:06:789 INFO  OpenAccountPage :43 - clicking on currency[[ChromeDriver: chrome on WINDOWS (ef61e84e5a45400adcdcf56f7074396c)] -> xpath: //select[@id = 'currency']][[ChromeDriver: chrome on WINDOWS (ef61e84e5a45400adcdcf56f7074396c)] -> xpath: //option[contains(text(),  'Pound')]]
2021-06-27 23:06:988 INFO  OpenAccountPage :48 - clicking on process button[[ChromeDriver: chrome on WINDOWS (ef61e84e5a45400adcdcf56f7074396c)] -> xpath: //button[contains(text(), 'Process')]]
2021-06-27 23:06:134 INFO  BasePage :34 - Launching Chrome Browser 
2021-06-27 23:06:873 INFO  HomePage :28 - clicking on Bank manager Login tab[[ChromeDriver: chrome on WINDOWS (e0a61df987dd5795a6beee9bdd752375)] -> xpath: //button[contains(text(), 'Bank Manager Login')]]
2021-06-27 23:06:579 INFO  BankManagerLoginPage :21 - clicking on add customer tab[[ChromeDriver: chrome on WINDOWS (e0a61df987dd5795a6beee9bdd752375)] -> xpath: //button[@ng-click='addCust()']]
2021-06-27 23:06:499 INFO  AddCustomerPage :30 - Enter first name[[ChromeDriver: chrome on WINDOWS (e0a61df987dd5795a6beee9bdd752375)] -> xpath: //body[1]/div[3]/div[1]/div[2]/div[1]/div[2]/div[1]/div[1]/form[1]/div[1]/input[1]]
2021-06-27 23:06:677 INFO  AddCustomerPage :34 - Enter last name[[ChromeDriver: chrome on WINDOWS (e0a61df987dd5795a6beee9bdd752375)] -> xpath: //input[@placeholder='Last Name']]
2021-06-27 23:06:279 INFO  AddCustomerPage :38 - Enter postcode[[ChromeDriver: chrome on WINDOWS (e0a61df987dd5795a6beee9bdd752375)] -> xpath: 
//body[1]/div[3]/div[1]/div[2]/div[1]/div[2]/div[1]/div[1]/form[1]/div[3]/input[1]]
2021-06-27 23:06:326 INFO  AddCustomerPage :41 - clicking add customer button[[ChromeDriver: chrome on WINDOWS (e0a61df987dd5795a6beee9bdd752375)] -> xpath: //div[@class='form-group']//following-sibling::div[2]//following::button[@type='submit']]
2021-06-27 23:06:967 INFO  HomePage :32 - clicking on home tab[[ChromeDriver: chrome on WINDOWS (e0a61df987dd5795a6beee9bdd752375)] -> xpath: //button[@class = 'btn home']]
2021-06-27 23:06:123 INFO  HomePage :24 - clicking on customerLogin tab[[ChromeDriver: chrome on WINDOWS (e0a61df987dd5795a6beee9bdd752375)] -> xpath: //button[contains(text(), 'Customer Login')]]
2021-06-27 23:06:455 INFO  OpenAccountPage :36 - Selecting Customer from DropDown[[ChromeDriver: chrome on WINDOWS (e0a61df987dd5795a6beee9bdd752375)] -> xpath: //option[text() = 'Hermoine Granger']]
2021-06-27 23:06:687 INFO  CustomerLoginPage :29 - Clikcing on Login Tab[[ChromeDriver: chrome on WINDOWS (e0a61df987dd5795a6beee9bdd752375)] -> xpath: //button[text()='Login']]
2021-06-27 23:06:727 INFO  CustomersPage :21 - verifying logout tab[[ChromeDriver: chrome on WINDOWS (e0a61df987dd5795a6beee9bdd752375)] -> xpath: //button[@ng-click = 'byebye()']]
2021-06-27 23:06:992 INFO  CustomersPage :32 - Clicking on Log Out tab[[ChromeDriver: chrome on WINDOWS (e0a61df987dd5795a6beee9bdd752375)] -> xpath: //button[@ng-click = 'byebye()']]
2021-06-27 23:06:52 INFO  CustomersPage :25 - verifying your name text[[ChromeDriver: chrome on WINDOWS (e0a61df987dd5795a6beee9bdd752375)] -> xpath: //label[contains(text() , 'Your Name :')]]
2021-06-27 23:06:987 INFO  BasePage :34 - Launching Chrome Browser 
2021-06-27 23:06:256 INFO  HomePage :28 - clicking on Bank manager Login tab[[ChromeDriver: chrome on WINDOWS (98ea3dbd8a8e117c82d8c8b6cdaa9bdf)] -> xpath: //button[contains(text(), 'Bank Manager Login')]]
2021-06-27 23:06:947 INFO  BankManagerLoginPage :21 - clicking on add customer tab[[ChromeDriver: chrome on WINDOWS (98ea3dbd8a8e117c82d8c8b6cdaa9bdf)] -> xpath: //button[@ng-click='addCust()']]
2021-06-27 23:06:686 INFO  AddCustomerPage :30 - Enter first name[[ChromeDriver: chrome on WINDOWS (98ea3dbd8a8e117c82d8c8b6cdaa9bdf)] -> xpath: //body[1]/div[3]/div[1]/div[2]/div[1]/div[2]/div[1]/div[1]/form[1]/div[1]/input[1]]
2021-06-27 23:06:37 INFO  AddCustomerPage :34 - Enter last name[[ChromeDriver: chrome on WINDOWS (98ea3dbd8a8e117c82d8c8b6cdaa9bdf)] -> xpath: //input[@placeholder='Last Name']]
2021-06-27 23:06:492 INFO  AddCustomerPage :38 - Enter postcode[[ChromeDriver: chrome on WINDOWS (98ea3dbd8a8e117c82d8c8b6cdaa9bdf)] -> xpath: 
//body[1]/div[3]/div[1]/div[2]/div[1]/div[2]/div[1]/div[1]/form[1]/div[3]/input[1]]
2021-06-27 23:06:541 INFO  AddCustomerPage :41 - clicking add customer button[[ChromeDriver: chrome on WINDOWS (98ea3dbd8a8e117c82d8c8b6cdaa9bdf)] -> xpath: //div[@class='form-group']//following-sibling::div[2]//following::button[@type='submit']]
2021-06-27 23:06:180 INFO  HomePage :32 - clicking on home tab[[ChromeDriver: chrome on WINDOWS (98ea3dbd8a8e117c82d8c8b6cdaa9bdf)] -> xpath: //button[@class = 'btn home']]
2021-06-27 23:06:334 INFO  HomePage :24 - clicking on customerLogin tab[[ChromeDriver: chrome on WINDOWS (98ea3dbd8a8e117c82d8c8b6cdaa9bdf)] -> xpath: //button[contains(text(), 'Customer Login')]]
2021-06-27 23:06:427 INFO  BasePage :34 - Launching Chrome Browser 
2021-06-27 23:06:813 INFO  HomePage :28 - clicking on Bank manager Login tab[[ChromeDriver: chrome on WINDOWS (345a594fec37ecb463cc17b1e37ea158)] -> xpath: //button[contains(text(), 'Bank Manager Login')]]
2021-06-27 23:06:204 INFO  BankManagerLoginPage :21 - clicking on add customer tab[[ChromeDriver: chrome on WINDOWS (345a594fec37ecb463cc17b1e37ea158)] -> xpath: //button[@ng-click='addCust()']]
2021-06-27 23:06:302 INFO  AddCustomerPage :30 - Enter first name[[ChromeDriver: chrome on WINDOWS (345a594fec37ecb463cc17b1e37ea158)] -> xpath: //body[1]/div[3]/div[1]/div[2]/div[1]/div[2]/div[1]/div[1]/form[1]/div[1]/input[1]]
2021-06-27 23:06:557 INFO  AddCustomerPage :34 - Enter last name[[ChromeDriver: chrome on WINDOWS (345a594fec37ecb463cc17b1e37ea158)] -> xpath: //input[@placeholder='Last Name']]
2021-06-27 23:06:859 INFO  AddCustomerPage :38 - Enter postcode[[ChromeDriver: chrome on WINDOWS (345a594fec37ecb463cc17b1e37ea158)] -> xpath: 
//body[1]/div[3]/div[1]/div[2]/div[1]/div[2]/div[1]/div[1]/form[1]/div[3]/input[1]]
2021-06-27 23:06:923 INFO  AddCustomerPage :41 - clicking add customer button[[ChromeDriver: chrome on WINDOWS (345a594fec37ecb463cc17b1e37ea158)] -> xpath: //div[@class='form-group']//following-sibling::div[2]//following::button[@type='submit']]
2021-06-27 23:06:657 INFO  BankManagerLoginPage :25 - clicking open account tab[[ChromeDriver: chrome on WINDOWS (345a594fec37ecb463cc17b1e37ea158)] -> xpath: //button[@ng-click='openAccount()']]
2021-06-27 23:06:971 INFO  OpenAccountPage :36 - Selecting Customer from DropDown[[ChromeDriver: chrome on WINDOWS (345a594fec37ecb463cc17b1e37ea158)] -> xpath: //option[text() = 'Hermoine Granger']]
2021-06-27 23:06:382 INFO  OpenAccountPage :43 - clicking on currency[[ChromeDriver: chrome on WINDOWS (345a594fec37ecb463cc17b1e37ea158)] -> xpath: //select[@id = 'currency']][[ChromeDriver: chrome on WINDOWS (345a594fec37ecb463cc17b1e37ea158)] -> xpath: //option[contains(text(),  'Pound')]]
2021-06-27 23:06:605 INFO  OpenAccountPage :48 - clicking on process button[[ChromeDriver: chrome on WINDOWS (345a594fec37ecb463cc17b1e37ea158)] -> xpath: //button[contains(text(), 'Process')]]
2021-06-27 23:06:307 INFO  BasePage :34 - Launching Chrome Browser 
2021-06-27 23:06:940 INFO  HomePage :28 - clicking on Bank manager Login tab[[ChromeDriver: chrome on WINDOWS (62fa2ad81abf1619d07d761a801eb588)] -> xpath: //button[contains(text(), 'Bank Manager Login')]]
2021-06-27 23:06:622 INFO  BankManagerLoginPage :21 - clicking on add customer tab[[ChromeDriver: chrome on WINDOWS (62fa2ad81abf1619d07d761a801eb588)] -> xpath: //button[@ng-click='addCust()']]
2021-06-27 23:06:427 INFO  AddCustomerPage :30 - Enter first name[[ChromeDriver: chrome on WINDOWS (62fa2ad81abf1619d07d761a801eb588)] -> xpath: //body[1]/div[3]/div[1]/div[2]/div[1]/div[2]/div[1]/div[1]/form[1]/div[1]/input[1]]
2021-06-27 23:06:792 INFO  AddCustomerPage :34 - Enter last name[[ChromeDriver: chrome on WINDOWS (62fa2ad81abf1619d07d761a801eb588)] -> xpath: //input[@placeholder='Last Name']]
2021-06-27 23:06:97 INFO  AddCustomerPage :38 - Enter postcode[[ChromeDriver: chrome on WINDOWS (62fa2ad81abf1619d07d761a801eb588)] -> xpath: 
//body[1]/div[3]/div[1]/div[2]/div[1]/div[2]/div[1]/div[1]/form[1]/div[3]/input[1]]
2021-06-27 23:06:168 INFO  AddCustomerPage :41 - clicking add customer button[[ChromeDriver: chrome on WINDOWS (62fa2ad81abf1619d07d761a801eb588)] -> xpath: //div[@class='form-group']//following-sibling::div[2]//following::button[@type='submit']]
2021-06-27 23:06:780 INFO  HomePage :32 - clicking on home tab[[ChromeDriver: chrome on WINDOWS (62fa2ad81abf1619d07d761a801eb588)] -> xpath: //button[@class = 'btn home']]
2021-06-27 23:06:957 INFO  HomePage :24 - clicking on customerLogin tab[[ChromeDriver: chrome on WINDOWS (62fa2ad81abf1619d07d761a801eb588)] -> xpath: //button[contains(text(), 'Customer Login')]]
2021-06-27 23:06:287 INFO  OpenAccountPage :36 - Selecting Customer from DropDown[[ChromeDriver: chrome on WINDOWS (62fa2ad81abf1619d07d761a801eb588)] -> xpath: //option[text() = 'Hermoine Granger']]
2021-06-27 23:06:515 INFO  CustomerLoginPage :29 - Clikcing on Login Tab[[ChromeDriver: chrome on WINDOWS (62fa2ad81abf1619d07d761a801eb588)] -> xpath: //button[text()='Login']]
2021-06-27 23:06:562 INFO  CustomersPage :21 - verifying logout tab[[ChromeDriver: chrome on WINDOWS (62fa2ad81abf1619d07d761a801eb588)] -> xpath: //button[@ng-click = 'byebye()']]
2021-06-27 23:06:784 INFO  CustomersPage :32 - Clicking on Log Out tab[[ChromeDriver: chrome on WINDOWS (62fa2ad81abf1619d07d761a801eb588)] -> xpath: //button[@ng-click = 'byebye()']]
2021-06-27 23:06:820 INFO  CustomersPage :25 - verifying your name text[[ChromeDriver: chrome on WINDOWS (62fa2ad81abf1619d07d761a801eb588)] -> xpath: //label[contains(text() , 'Your Name :')]]
2021-06-27 23:06:431 INFO  BasePage :34 - Launching Chrome Browser 
2021-06-27 23:06:422 INFO  HomePage :28 - clicking on Bank manager Login tab[[ChromeDriver: chrome on WINDOWS (ec538d3a7e6dcd56ac45c58aa0dab4ff)] -> xpath: //button[contains(text(), 'Bank Manager Login')]]
2021-06-27 23:06:241 INFO  BankManagerLoginPage :21 - clicking on add customer tab[[ChromeDriver: chrome on WINDOWS (ec538d3a7e6dcd56ac45c58aa0dab4ff)] -> xpath: //button[@ng-click='addCust()']]
2021-06-27 23:06:58 INFO  AddCustomerPage :30 - Enter first name[[ChromeDriver: chrome on WINDOWS (ec538d3a7e6dcd56ac45c58aa0dab4ff)] -> xpath: //body[1]/div[3]/div[1]/div[2]/div[1]/div[2]/div[1]/div[1]/form[1]/div[1]/input[1]]
2021-06-27 23:06:380 INFO  AddCustomerPage :34 - Enter last name[[ChromeDriver: chrome on WINDOWS (ec538d3a7e6dcd56ac45c58aa0dab4ff)] -> xpath: //input[@placeholder='Last Name']]
2021-06-27 23:06:978 INFO  AddCustomerPage :38 - Enter postcode[[ChromeDriver: chrome on WINDOWS (ec538d3a7e6dcd56ac45c58aa0dab4ff)] -> xpath: 
//body[1]/div[3]/div[1]/div[2]/div[1]/div[2]/div[1]/div[1]/form[1]/div[3]/input[1]]
2021-06-27 23:06:58 INFO  AddCustomerPage :41 - clicking add customer button[[ChromeDriver: chrome on WINDOWS (ec538d3a7e6dcd56ac45c58aa0dab4ff)] -> xpath: //div[@class='form-group']//following-sibling::div[2]//following::button[@type='submit']]
2021-06-27 23:06:673 INFO  HomePage :32 - clicking on home tab[[ChromeDriver: chrome on WINDOWS (ec538d3a7e6dcd56ac45c58aa0dab4ff)] -> xpath: //button[@class = 'btn home']]
2021-06-27 23:06:808 INFO  HomePage :24 - clicking on customerLogin tab[[ChromeDriver: chrome on WINDOWS (ec538d3a7e6dcd56ac45c58aa0dab4ff)] -> xpath: //button[contains(text(), 'Customer Login')]]
2021-06-27 23:06:261 INFO  BasePage :34 - Launching Chrome Browser 
2021-06-27 23:06:803 INFO  HomePage :28 - clicking on Bank manager Login tab[[ChromeDriver: chrome on WINDOWS (682a36a1df70e14704aeab673e0a6434)] -> xpath: //button[contains(text(), 'Bank Manager Login')]]
2021-06-27 23:06:183 INFO  BankManagerLoginPage :21 - clicking on add customer tab[[ChromeDriver: chrome on WINDOWS (682a36a1df70e14704aeab673e0a6434)] -> xpath: //button[@ng-click='addCust()']]
2021-06-27 23:06:855 INFO  AddCustomerPage :30 - Enter first name[[ChromeDriver: chrome on WINDOWS (682a36a1df70e14704aeab673e0a6434)] -> xpath: //body[1]/div[3]/div[1]/div[2]/div[1]/div[2]/div[1]/div[1]/form[1]/div[1]/input[1]]
2021-06-27 23:06:171 INFO  AddCustomerPage :34 - Enter last name[[ChromeDriver: chrome on WINDOWS (682a36a1df70e14704aeab673e0a6434)] -> xpath: //input[@placeholder='Last Name']]
2021-06-27 23:06:531 INFO  AddCustomerPage :38 - Enter postcode[[ChromeDriver: chrome on WINDOWS (682a36a1df70e14704aeab673e0a6434)] -> xpath: 
//body[1]/div[3]/div[1]/div[2]/div[1]/div[2]/div[1]/div[1]/form[1]/div[3]/input[1]]
2021-06-27 23:06:623 INFO  AddCustomerPage :41 - clicking add customer button[[ChromeDriver: chrome on WINDOWS (682a36a1df70e14704aeab673e0a6434)] -> xpath: //div[@class='form-group']//following-sibling::div[2]//following::button[@type='submit']]
2021-06-27 23:06:203 INFO  BankManagerLoginPage :25 - clicking open account tab[[ChromeDriver: chrome on WINDOWS (682a36a1df70e14704aeab673e0a6434)] -> xpath: //button[@ng-click='openAccount()']]
2021-06-27 23:06:484 INFO  OpenAccountPage :36 - Selecting Customer from DropDown[[ChromeDriver: chrome on WINDOWS (682a36a1df70e14704aeab673e0a6434)] -> xpath: //option[text() = 'Hermoine Granger']]
2021-06-27 23:06:912 INFO  OpenAccountPage :43 - clicking on currency[[ChromeDriver: chrome on WINDOWS (682a36a1df70e14704aeab673e0a6434)] -> xpath: //select[@id = 'currency']][[ChromeDriver: chrome on WINDOWS (682a36a1df70e14704aeab673e0a6434)] -> xpath: //option[contains(text(),  'Pound')]]
2021-06-27 23:06:144 INFO  OpenAccountPage :48 - clicking on process button[[ChromeDriver: chrome on WINDOWS (682a36a1df70e14704aeab673e0a6434)] -> xpath: //button[contains(text(), 'Process')]]
2021-06-27 23:06:153 INFO  BasePage :34 - Launching Chrome Browser 
2021-06-27 23:06:583 INFO  HomePage :28 - clicking on Bank manager Login tab[[ChromeDriver: chrome on WINDOWS (79b9b664d2583bc759f07b684d80f1ee)] -> xpath: //button[contains(text(), 'Bank Manager Login')]]
2021-06-27 23:06:318 INFO  BankManagerLoginPage :21 - clicking on add customer tab[[ChromeDriver: chrome on WINDOWS (79b9b664d2583bc759f07b684d80f1ee)] -> xpath: //button[@ng-click='addCust()']]
2021-06-27 23:06:32 INFO  AddCustomerPage :30 - Enter first name[[ChromeDriver: chrome on WINDOWS (79b9b664d2583bc759f07b684d80f1ee)] -> xpath: //body[1]/div[3]/div[1]/div[2]/div[1]/div[2]/div[1]/div[1]/form[1]/div[1]/input[1]]
2021-06-27 23:06:308 INFO  AddCustomerPage :34 - Enter last name[[ChromeDriver: chrome on WINDOWS (79b9b664d2583bc759f07b684d80f1ee)] -> xpath: //input[@placeholder='Last Name']]
2021-06-27 23:06:815 INFO  AddCustomerPage :38 - Enter postcode[[ChromeDriver: chrome on WINDOWS (79b9b664d2583bc759f07b684d80f1ee)] -> xpath: 
//body[1]/div[3]/div[1]/div[2]/div[1]/div[2]/div[1]/div[1]/form[1]/div[3]/input[1]]
2021-06-27 23:06:859 INFO  AddCustomerPage :41 - clicking add customer button[[ChromeDriver: chrome on WINDOWS (79b9b664d2583bc759f07b684d80f1ee)] -> xpath: //div[@class='form-group']//following-sibling::div[2]//following::button[@type='submit']]
2021-06-27 23:06:441 INFO  HomePage :32 - clicking on home tab[[ChromeDriver: chrome on WINDOWS (79b9b664d2583bc759f07b684d80f1ee)] -> xpath: //button[@class = 'btn home']]
2021-06-27 23:06:612 INFO  HomePage :24 - clicking on customerLogin tab[[ChromeDriver: chrome on WINDOWS (79b9b664d2583bc759f07b684d80f1ee)] -> xpath: //button[contains(text(), 'Customer Login')]]
2021-06-27 23:06:898 INFO  OpenAccountPage :36 - Selecting Customer from DropDown[[ChromeDriver: chrome on WINDOWS (79b9b664d2583bc759f07b684d80f1ee)] -> xpath: //option[text() = 'Hermoine Granger']]
2021-06-27 23:06:73 INFO  CustomerLoginPage :29 - Clikcing on Login Tab[[ChromeDriver: chrome on WINDOWS (79b9b664d2583bc759f07b684d80f1ee)] -> xpath: //button[text()='Login']]
2021-06-27 23:06:125 INFO  CustomersPage :21 - verifying logout tab[[ChromeDriver: chrome on WINDOWS (79b9b664d2583bc759f07b684d80f1ee)] -> xpath: //button[@ng-click = 'byebye()']]
2021-06-27 23:06:352 INFO  CustomersPage :32 - Clicking on Log Out tab[[ChromeDriver: chrome on WINDOWS (79b9b664d2583bc759f07b684d80f1ee)] -> xpath: //button[@ng-click = 'byebye()']]
2021-06-27 23:06:400 INFO  CustomersPage :25 - verifying your name text[[ChromeDriver: chrome on WINDOWS (79b9b664d2583bc759f07b684d80f1ee)] -> xpath: //label[contains(text() , 'Your Name :')]]
2021-06-27 23:06:296 INFO  BasePage :34 - Launching Chrome Browser 
2021-06-27 23:06:375 INFO  HomePage :28 - clicking on Bank manager Login tab[[ChromeDriver: chrome on WINDOWS (a8457177996288935961413919207920)] -> xpath: //button[contains(text(), 'Bank Manager Login')]]
2021-06-27 23:06:55 INFO  BankManagerLoginPage :21 - clicking on add customer tab[[ChromeDriver: chrome on WINDOWS (a8457177996288935961413919207920)] -> xpath: //button[@ng-click='addCust()']]
2021-06-27 23:06:955 INFO  AddCustomerPage :30 - Enter first name[[ChromeDriver: chrome on WINDOWS (a8457177996288935961413919207920)] -> xpath: //body[1]/div[3]/div[1]/div[2]/div[1]/div[2]/div[1]/div[1]/form[1]/div[1]/input[1]]
2021-06-27 23:06:262 INFO  AddCustomerPage :34 - Enter last name[[ChromeDriver: chrome on WINDOWS (a8457177996288935961413919207920)] -> xpath: //input[@placeholder='Last Name']]
2021-06-27 23:06:628 INFO  AddCustomerPage :38 - Enter postcode[[ChromeDriver: chrome on WINDOWS (a8457177996288935961413919207920)] -> xpath: 
//body[1]/div[3]/div[1]/div[2]/div[1]/div[2]/div[1]/div[1]/form[1]/div[3]/input[1]]
2021-06-27 23:06:703 INFO  AddCustomerPage :41 - clicking add customer button[[ChromeDriver: chrome on WINDOWS (a8457177996288935961413919207920)] -> xpath: //div[@class='form-group']//following-sibling::div[2]//following::button[@type='submit']]
2021-06-27 23:06:537 INFO  HomePage :32 - clicking on home tab[[ChromeDriver: chrome on WINDOWS (a8457177996288935961413919207920)] -> xpath: //button[@class = 'btn home']]
2021-06-27 23:06:757 INFO  HomePage :24 - clicking on customerLogin tab[[ChromeDriver: chrome on WINDOWS (a8457177996288935961413919207920)] -> xpath: //button[contains(text(), 'Customer Login')]]
2021-06-27 23:06:63 INFO  BasePage :34 - Launching Chrome Browser 
2021-06-27 23:06:289 INFO  HomePage :28 - clicking on Bank manager Login tab[[ChromeDriver: chrome on WINDOWS (43e6c6b7ab5c000d9d5fcb3e70d55ef1)] -> xpath: //button[contains(text(), 'Bank Manager Login')]]
2021-06-27 23:06:614 INFO  BankManagerLoginPage :21 - clicking on add customer tab[[ChromeDriver: chrome on WINDOWS (43e6c6b7ab5c000d9d5fcb3e70d55ef1)] -> xpath: //button[@ng-click='addCust()']]
2021-06-27 23:06:51 INFO  AddCustomerPage :30 - Enter first name[[ChromeDriver: chrome on WINDOWS (43e6c6b7ab5c000d9d5fcb3e70d55ef1)] -> xpath: //body[1]/div[3]/div[1]/div[2]/div[1]/div[2]/div[1]/div[1]/form[1]/div[1]/input[1]]
2021-06-27 23:06:422 INFO  AddCustomerPage :34 - Enter last name[[ChromeDriver: chrome on WINDOWS (43e6c6b7ab5c000d9d5fcb3e70d55ef1)] -> xpath: //input[@placeholder='Last Name']]
2021-06-27 23:06:873 INFO  AddCustomerPage :38 - Enter postcode[[ChromeDriver: chrome on WINDOWS (43e6c6b7ab5c000d9d5fcb3e70d55ef1)] -> xpath: 
//body[1]/div[3]/div[1]/div[2]/div[1]/div[2]/div[1]/div[1]/form[1]/div[3]/input[1]]
2021-06-27 23:06:942 INFO  AddCustomerPage :41 - clicking add customer button[[ChromeDriver: chrome on WINDOWS (43e6c6b7ab5c000d9d5fcb3e70d55ef1)] -> xpath: //div[@class='form-group']//following-sibling::div[2]//following::button[@type='submit']]
2021-06-27 23:06:736 INFO  HomePage :32 - clicking on home tab[[ChromeDriver: chrome on WINDOWS (43e6c6b7ab5c000d9d5fcb3e70d55ef1)] -> xpath: //button[@class = 'btn home']]
2021-06-27 23:06:923 INFO  HomePage :24 - clicking on customerLogin tab[[ChromeDriver: chrome on WINDOWS (43e6c6b7ab5c000d9d5fcb3e70d55ef1)] -> xpath: //button[contains(text(), 'Customer Login')]]
2021-06-27 23:06:533 INFO  BasePage :34 - Launching Chrome Browser 
2021-06-27 23:06:269 INFO  HomePage :28 - clicking on Bank manager Login tab[[ChromeDriver: chrome on WINDOWS (d6b1bfafeb0f91a26147741dd1d3bc04)] -> xpath: //button[contains(text(), 'Bank Manager Login')]]
2021-06-27 23:06:912 INFO  BankManagerLoginPage :21 - clicking on add customer tab[[ChromeDriver: chrome on WINDOWS (d6b1bfafeb0f91a26147741dd1d3bc04)] -> xpath: //button[@ng-click='addCust()']]
2021-06-27 23:06:293 INFO  AddCustomerPage :30 - Enter first name[[ChromeDriver: chrome on WINDOWS (d6b1bfafeb0f91a26147741dd1d3bc04)] -> xpath: //body[1]/div[3]/div[1]/div[2]/div[1]/div[2]/div[1]/div[1]/form[1]/div[1]/input[1]]
2021-06-27 23:06:633 INFO  AddCustomerPage :34 - Enter last name[[ChromeDriver: chrome on WINDOWS (d6b1bfafeb0f91a26147741dd1d3bc04)] -> xpath: //input[@placeholder='Last Name']]
2021-06-27 23:06:979 INFO  AddCustomerPage :38 - Enter postcode[[ChromeDriver: chrome on WINDOWS (d6b1bfafeb0f91a26147741dd1d3bc04)] -> xpath: 
//body[1]/div[3]/div[1]/div[2]/div[1]/div[2]/div[1]/div[1]/form[1]/div[3]/input[1]]
2021-06-27 23:06:36 INFO  AddCustomerPage :41 - clicking add customer button[[ChromeDriver: chrome on WINDOWS (d6b1bfafeb0f91a26147741dd1d3bc04)] -> xpath: //div[@class='form-group']//following-sibling::div[2]//following::button[@type='submit']]
2021-06-27 23:06:675 INFO  HomePage :32 - clicking on home tab[[ChromeDriver: chrome on WINDOWS (d6b1bfafeb0f91a26147741dd1d3bc04)] -> xpath: //button[@class = 'btn home']]
2021-06-27 23:06:843 INFO  HomePage :24 - clicking on customerLogin tab[[ChromeDriver: chrome on WINDOWS (d6b1bfafeb0f91a26147741dd1d3bc04)] -> xpath: //button[contains(text(), 'Customer Login')]]
2021-06-27 23:06:954 INFO  AccountPage :39 - clicking on deposit tab  Proxy element for: DefaultElementLocator 'By.xpath: //button[@ng-click = 'deposit()']'
2021-06-27 23:06:368 INFO  BasePage :34 - Launching Chrome Browser 
2021-06-27 23:06:577 INFO  HomePage :28 - clicking on Bank manager Login tab[[ChromeDriver: chrome on WINDOWS (3a8144024fda55c5264857e6a03b8ca2)] -> xpath: //button[contains(text(), 'Bank Manager Login')]]
2021-06-27 23:06:891 INFO  BankManagerLoginPage :21 - clicking on add customer tab[[ChromeDriver: chrome on WINDOWS (3a8144024fda55c5264857e6a03b8ca2)] -> xpath: //button[@ng-click='addCust()']]
2021-06-27 23:06:363 INFO  AddCustomerPage :30 - Enter first name[[ChromeDriver: chrome on WINDOWS (3a8144024fda55c5264857e6a03b8ca2)] -> xpath: //body[1]/div[3]/div[1]/div[2]/div[1]/div[2]/div[1]/div[1]/form[1]/div[1]/input[1]]
2021-06-27 23:06:561 INFO  AddCustomerPage :34 - Enter last name[[ChromeDriver: chrome on WINDOWS (3a8144024fda55c5264857e6a03b8ca2)] -> xpath: //input[@placeholder='Last Name']]
2021-06-27 23:06:896 INFO  AddCustomerPage :38 - Enter postcode[[ChromeDriver: chrome on WINDOWS (3a8144024fda55c5264857e6a03b8ca2)] -> xpath: 
//body[1]/div[3]/div[1]/div[2]/div[1]/div[2]/div[1]/div[1]/form[1]/div[3]/input[1]]
2021-06-27 23:06:969 INFO  AddCustomerPage :41 - clicking add customer button[[ChromeDriver: chrome on WINDOWS (3a8144024fda55c5264857e6a03b8ca2)] -> xpath: //div[@class='form-group']//following-sibling::div[2]//following::button[@type='submit']]
2021-06-27 23:06:709 INFO  HomePage :32 - clicking on home tab[[ChromeDriver: chrome on WINDOWS (3a8144024fda55c5264857e6a03b8ca2)] -> xpath: //button[@class = 'btn home']]
2021-06-27 23:06:889 INFO  HomePage :24 - clicking on customerLogin tab[[ChromeDriver: chrome on WINDOWS (3a8144024fda55c5264857e6a03b8ca2)] -> xpath: //button[contains(text(), 'Customer Login')]]
2021-06-27 23:06:995 INFO  AccountPage :39 - clicking on deposit tab  Proxy element for: DefaultElementLocator 'By.xpath: //button[@ng-click = 'deposit()']'
2021-06-27 23:06:237 INFO  BasePage :34 - Launching Chrome Browser 
2021-06-27 23:06:917 INFO  BasePage :34 - Launching Chrome Browser 
2021-06-27 23:06:900 INFO  HomePage :28 - clicking on Bank manager Login tab[[ChromeDriver: chrome on WINDOWS (27ae990349a2bcdaa85b5f535dafd588)] -> xpath: //button[contains(text(), 'Bank Manager Login')]]
2021-06-27 23:06:666 INFO  BankManagerLoginPage :21 - clicking on add customer tab[[ChromeDriver: chrome on WINDOWS (27ae990349a2bcdaa85b5f535dafd588)] -> xpath: //button[@ng-click='addCust()']]
2021-06-27 23:06:408 INFO  AddCustomerPage :30 - Enter first name[[ChromeDriver: chrome on WINDOWS (27ae990349a2bcdaa85b5f535dafd588)] -> xpath: //body[1]/div[3]/div[1]/div[2]/div[1]/div[2]/div[1]/div[1]/form[1]/div[1]/input[1]]
2021-06-27 23:06:616 INFO  AddCustomerPage :34 - Enter last name[[ChromeDriver: chrome on WINDOWS (27ae990349a2bcdaa85b5f535dafd588)] -> xpath: //input[@placeholder='Last Name']]
2021-06-27 23:06:03 INFO  AddCustomerPage :38 - Enter postcode[[ChromeDriver: chrome on WINDOWS (27ae990349a2bcdaa85b5f535dafd588)] -> xpath: 
//body[1]/div[3]/div[1]/div[2]/div[1]/div[2]/div[1]/div[1]/form[1]/div[3]/input[1]]
2021-06-27 23:06:60 INFO  AddCustomerPage :41 - clicking add customer button[[ChromeDriver: chrome on WINDOWS (27ae990349a2bcdaa85b5f535dafd588)] -> xpath: //div[@class='form-group']//following-sibling::div[2]//following::button[@type='submit']]
2021-06-27 23:06:777 INFO  HomePage :32 - clicking on home tab[[ChromeDriver: chrome on WINDOWS (27ae990349a2bcdaa85b5f535dafd588)] -> xpath: //button[@class = 'btn home']]
2021-06-27 23:06:960 INFO  HomePage :24 - clicking on customerLogin tab[[ChromeDriver: chrome on WINDOWS (27ae990349a2bcdaa85b5f535dafd588)] -> xpath: //button[contains(text(), 'Customer Login')]]
2021-06-27 23:06:230 INFO  OpenAccountPage :36 - Selecting Customer from DropDown[[ChromeDriver: chrome on WINDOWS (27ae990349a2bcdaa85b5f535dafd588)] -> xpath: //option[text() = 'Hermoine Granger']]
2021-06-27 23:06:340 INFO  AccountPage :39 - clicking on deposit tab  Proxy element for: DefaultElementLocator 'By.xpath: //button[@ng-click = 'deposit()']'
2021-06-27 23:06:26 INFO  BasePage :34 - Launching Chrome Browser 
2021-06-27 23:06:123 INFO  HomePage :28 - clicking on Bank manager Login tab[[ChromeDriver: chrome on WINDOWS (2f5b29574319fc3ddc6bd6dbe45e59dd)] -> xpath: //button[contains(text(), 'Bank Manager Login')]]
2021-06-27 23:06:973 INFO  BankManagerLoginPage :21 - clicking on add customer tab[[ChromeDriver: chrome on WINDOWS (2f5b29574319fc3ddc6bd6dbe45e59dd)] -> xpath: //button[@ng-click='addCust()']]
2021-06-27 23:06:598 INFO  AddCustomerPage :30 - Enter first name[[ChromeDriver: chrome on WINDOWS (2f5b29574319fc3ddc6bd6dbe45e59dd)] -> xpath: //body[1]/div[3]/div[1]/div[2]/div[1]/div[2]/div[1]/div[1]/form[1]/div[1]/input[1]]
2021-06-27 23:06:816 INFO  AddCustomerPage :34 - Enter last name[[ChromeDriver: chrome on WINDOWS (2f5b29574319fc3ddc6bd6dbe45e59dd)] -> xpath: //input[@placeholder='Last Name']]
2021-06-27 23:06:58 INFO  AddCustomerPage :38 - Enter postcode[[ChromeDriver: chrome on WINDOWS (2f5b29574319fc3ddc6bd6dbe45e59dd)] -> xpath: 
//body[1]/div[3]/div[1]/div[2]/div[1]/div[2]/div[1]/div[1]/form[1]/div[3]/input[1]]
2021-06-27 23:06:92 INFO  AddCustomerPage :41 - clicking add customer button[[ChromeDriver: chrome on WINDOWS (2f5b29574319fc3ddc6bd6dbe45e59dd)] -> xpath: //div[@class='form-group']//following-sibling::div[2]//following::button[@type='submit']]
2021-06-27 23:06:686 INFO  HomePage :32 - clicking on home tab[[ChromeDriver: chrome on WINDOWS (2f5b29574319fc3ddc6bd6dbe45e59dd)] -> xpath: //button[@class = 'btn home']]
2021-06-27 23:06:823 INFO  HomePage :24 - clicking on customerLogin tab[[ChromeDriver: chrome on WINDOWS (2f5b29574319fc3ddc6bd6dbe45e59dd)] -> xpath: //button[contains(text(), 'Customer Login')]]
2021-06-27 23:06:272 INFO  OpenAccountPage :36 - Selecting Customer from DropDown[[ChromeDriver: chrome on WINDOWS (2f5b29574319fc3ddc6bd6dbe45e59dd)] -> xpath: //option[text() = 'Hermoine Granger']]
2021-06-27 23:06:539 INFO  CustomerLoginPage :29 - Clikcing on Login Tab[[ChromeDriver: chrome on WINDOWS (2f5b29574319fc3ddc6bd6dbe45e59dd)] -> xpath: //button[text()='Login']]
2021-06-27 23:06:588 INFO  AccountPage :39 - clicking on deposit tab  [[ChromeDriver: chrome on WINDOWS (2f5b29574319fc3ddc6bd6dbe45e59dd)] -> xpath: //button[@ng-click = 'deposit()']]
2021-06-27 23:06:335 INFO  AccountPage :47 - entering deposit amount[[ChromeDriver: chrome on WINDOWS (2f5b29574319fc3ddc6bd6dbe45e59dd)] -> xpath: //input[@ng-model = 'amount']]100
2021-06-27 23:06:519 INFO  AccountPage :51 - clicking deposit button[[ChromeDriver: chrome on WINDOWS (2f5b29574319fc3ddc6bd6dbe45e59dd)] -> xpath: //button[text() = 'Deposit']]
2021-06-27 23:06:567 INFO  AccountPage :56 - verifying deposit successful text[[ChromeDriver: chrome on WINDOWS (2f5b29574319fc3ddc6bd6dbe45e59dd)] -> xpath: //span[text() = 'Deposit Successful']]
2021-06-27 23:06:216 INFO  BasePage :34 - Launching Chrome Browser 
2021-06-27 23:06:417 INFO  HomePage :28 - clicking on Bank manager Login tab[[ChromeDriver: chrome on WINDOWS (1108e7347049aa2652e6516bfc931435)] -> xpath: //button[contains(text(), 'Bank Manager Login')]]
2021-06-27 23:06:159 INFO  BankManagerLoginPage :21 - clicking on add customer tab[[ChromeDriver: chrome on WINDOWS (1108e7347049aa2652e6516bfc931435)] -> xpath: //button[@ng-click='addCust()']]
2021-06-27 23:06:797 INFO  AddCustomerPage :30 - Enter first name[[ChromeDriver: chrome on WINDOWS (1108e7347049aa2652e6516bfc931435)] -> xpath: //body[1]/div[3]/div[1]/div[2]/div[1]/div[2]/div[1]/div[1]/form[1]/div[1]/input[1]]
2021-06-27 23:06:112 INFO  AddCustomerPage :34 - Enter last name[[ChromeDriver: chrome on WINDOWS (1108e7347049aa2652e6516bfc931435)] -> xpath: //input[@placeholder='Last Name']]
2021-06-27 23:06:397 INFO  AddCustomerPage :38 - Enter postcode[[ChromeDriver: chrome on WINDOWS (1108e7347049aa2652e6516bfc931435)] -> xpath: 
//body[1]/div[3]/div[1]/div[2]/div[1]/div[2]/div[1]/div[1]/form[1]/div[3]/input[1]]
2021-06-27 23:06:448 INFO  AddCustomerPage :41 - clicking add customer button[[ChromeDriver: chrome on WINDOWS (1108e7347049aa2652e6516bfc931435)] -> xpath: //div[@class='form-group']//following-sibling::div[2]//following::button[@type='submit']]
2021-06-27 23:06:127 INFO  HomePage :32 - clicking on home tab[[ChromeDriver: chrome on WINDOWS (1108e7347049aa2652e6516bfc931435)] -> xpath: //button[@class = 'btn home']]
2021-06-27 23:06:275 INFO  HomePage :24 - clicking on customerLogin tab[[ChromeDriver: chrome on WINDOWS (1108e7347049aa2652e6516bfc931435)] -> xpath: //button[contains(text(), 'Customer Login')]]
2021-06-27 23:06:758 INFO  OpenAccountPage :36 - Selecting Customer from DropDown[[ChromeDriver: chrome on WINDOWS (1108e7347049aa2652e6516bfc931435)] -> xpath: //option[text() = 'Hermoine Granger']]
2021-06-27 23:06:69 INFO  CustomerLoginPage :29 - Clikcing on Login Tab[[ChromeDriver: chrome on WINDOWS (1108e7347049aa2652e6516bfc931435)] -> xpath: //button[text()='Login']]
2021-06-27 23:06:123 INFO  AccountPage :39 - clicking on deposit tab  [[ChromeDriver: chrome on WINDOWS (1108e7347049aa2652e6516bfc931435)] -> xpath: //button[@ng-click = 'deposit()']]
2021-06-27 23:06:907 INFO  AccountPage :47 - entering deposit amount[[ChromeDriver: chrome on WINDOWS (1108e7347049aa2652e6516bfc931435)] -> xpath: //input[@ng-model = 'amount']]100
2021-06-27 23:06:108 INFO  AccountPage :51 - clicking deposit button[[ChromeDriver: chrome on WINDOWS (1108e7347049aa2652e6516bfc931435)] -> xpath: //button[text() = 'Deposit']]
2021-06-27 23:06:171 INFO  AccountPage :56 - verifying deposit successful text[[ChromeDriver: chrome on WINDOWS (1108e7347049aa2652e6516bfc931435)] -> xpath: //span[text() = 'Deposit Successful']]
2021-06-27 23:06:875 INFO  BasePage :34 - Launching Chrome Browser 
2021-06-27 23:06:195 INFO  HomePage :28 - clicking on Bank manager Login tab[[ChromeDriver: chrome on WINDOWS (50135fb60c3846a1822bc15694a1a24c)] -> xpath: //button[contains(text(), 'Bank Manager Login')]]
2021-06-27 23:06:631 INFO  BankManagerLoginPage :21 - clicking on add customer tab[[ChromeDriver: chrome on WINDOWS (50135fb60c3846a1822bc15694a1a24c)] -> xpath: //button[@ng-click='addCust()']]
2021-06-27 23:06:960 INFO  AddCustomerPage :30 - Enter first name[[ChromeDriver: chrome on WINDOWS (50135fb60c3846a1822bc15694a1a24c)] -> xpath: //body[1]/div[3]/div[1]/div[2]/div[1]/div[2]/div[1]/div[1]/form[1]/div[1]/input[1]]
2021-06-27 23:06:193 INFO  AddCustomerPage :34 - Enter last name[[ChromeDriver: chrome on WINDOWS (50135fb60c3846a1822bc15694a1a24c)] -> xpath: //input[@placeholder='Last Name']]
2021-06-27 23:06:462 INFO  AddCustomerPage :38 - Enter postcode[[ChromeDriver: chrome on WINDOWS (50135fb60c3846a1822bc15694a1a24c)] -> xpath: 
//body[1]/div[3]/div[1]/div[2]/div[1]/div[2]/div[1]/div[1]/form[1]/div[3]/input[1]]
2021-06-27 23:06:642 INFO  AddCustomerPage :41 - clicking add customer button[[ChromeDriver: chrome on WINDOWS (50135fb60c3846a1822bc15694a1a24c)] -> xpath: //div[@class='form-group']//following-sibling::div[2]//following::button[@type='submit']]
2021-06-27 23:06:453 INFO  HomePage :32 - clicking on home tab[[ChromeDriver: chrome on WINDOWS (50135fb60c3846a1822bc15694a1a24c)] -> xpath: //button[@class = 'btn home']]
2021-06-27 23:06:618 INFO  HomePage :24 - clicking on customerLogin tab[[ChromeDriver: chrome on WINDOWS (50135fb60c3846a1822bc15694a1a24c)] -> xpath: //button[contains(text(), 'Customer Login')]]
2021-06-27 23:06:212 INFO  OpenAccountPage :36 - Selecting Customer from DropDown[[ChromeDriver: chrome on WINDOWS (50135fb60c3846a1822bc15694a1a24c)] -> xpath: //option[text() = 'Hermoine Granger']]
2021-06-27 23:06:380 INFO  CustomerLoginPage :29 - Clikcing on Login Tab[[ChromeDriver: chrome on WINDOWS (50135fb60c3846a1822bc15694a1a24c)] -> xpath: //button[text()='Login']]
2021-06-27 23:06:424 INFO  AccountPage :39 - clicking on deposit tab  [[ChromeDriver: chrome on WINDOWS (50135fb60c3846a1822bc15694a1a24c)] -> xpath: //button[@ng-click = 'deposit()']]
2021-06-27 23:06:224 INFO  AccountPage :47 - entering deposit amount[[ChromeDriver: chrome on WINDOWS (50135fb60c3846a1822bc15694a1a24c)] -> xpath: //input[@ng-model = 'amount']]100
2021-06-27 23:06:414 INFO  AccountPage :51 - clicking deposit button[[ChromeDriver: chrome on WINDOWS (50135fb60c3846a1822bc15694a1a24c)] -> xpath: //button[text() = 'Deposit']]
2021-06-27 23:06:588 INFO  AccountPage :63 - clicking withdrawal tab[[ChromeDriver: chrome on WINDOWS (50135fb60c3846a1822bc15694a1a24c)] -> xpath: //button[@ng-click = 'withdrawl()']]
2021-06-27 23:06:725 INFO  AccountPage :68 - entering withdrawl amount[[ChromeDriver: chrome on WINDOWS (50135fb60c3846a1822bc15694a1a24c)] -> xpath: //input[@ng-model = 'amount']]50
2021-06-27 23:06:34 INFO  AccountPage :72 - clicking withdrawal Button[[ChromeDriver: chrome on WINDOWS (50135fb60c3846a1822bc15694a1a24c)] -> xpath: //button[text() = 'Withdraw']]
2021-06-27 23:06:138 INFO  AccountPage :75 - verifying transaction successful textProxy element for: DefaultElementLocator 'By.xpath: //span[text() = 'Transaction successful']'
2021-06-27 23:06:233 INFO  BasePage :34 - Launching Chrome Browser 
2021-06-27 23:06:43 INFO  HomePage :28 - clicking on Bank manager Login tab[[ChromeDriver: chrome on WINDOWS (069754d571ee3f970410f755870e319b)] -> xpath: //button[contains(text(), 'Bank Manager Login')]]
2021-06-27 23:06:614 INFO  BankManagerLoginPage :21 - clicking on add customer tab[[ChromeDriver: chrome on WINDOWS (069754d571ee3f970410f755870e319b)] -> xpath: //button[@ng-click='addCust()']]
2021-06-27 23:06:801 INFO  AddCustomerPage :30 - Enter first name[[ChromeDriver: chrome on WINDOWS (069754d571ee3f970410f755870e319b)] -> xpath: //body[1]/div[3]/div[1]/div[2]/div[1]/div[2]/div[1]/div[1]/form[1]/div[1]/input[1]]
2021-06-27 23:06:120 INFO  AddCustomerPage :34 - Enter last name[[ChromeDriver: chrome on WINDOWS (069754d571ee3f970410f755870e319b)] -> xpath: //input[@placeholder='Last Name']]
2021-06-27 23:06:487 INFO  AddCustomerPage :38 - Enter postcode[[ChromeDriver: chrome on WINDOWS (069754d571ee3f970410f755870e319b)] -> xpath: 
//body[1]/div[3]/div[1]/div[2]/div[1]/div[2]/div[1]/div[1]/form[1]/div[3]/input[1]]
2021-06-27 23:06:548 INFO  AddCustomerPage :41 - clicking add customer button[[ChromeDriver: chrome on WINDOWS (069754d571ee3f970410f755870e319b)] -> xpath: //div[@class='form-group']//following-sibling::div[2]//following::button[@type='submit']]
2021-06-27 23:06:217 INFO  HomePage :32 - clicking on home tab[[ChromeDriver: chrome on WINDOWS (069754d571ee3f970410f755870e319b)] -> xpath: //button[@class = 'btn home']]
2021-06-27 23:06:352 INFO  HomePage :24 - clicking on customerLogin tab[[ChromeDriver: chrome on WINDOWS (069754d571ee3f970410f755870e319b)] -> xpath: //button[contains(text(), 'Customer Login')]]
2021-06-27 23:06:801 INFO  OpenAccountPage :36 - Selecting Customer from DropDown[[ChromeDriver: chrome on WINDOWS (069754d571ee3f970410f755870e319b)] -> xpath: //option[text() = 'Hermoine Granger']]
2021-06-27 23:06:976 INFO  CustomerLoginPage :29 - Clikcing on Login Tab[[ChromeDriver: chrome on WINDOWS (069754d571ee3f970410f755870e319b)] -> xpath: //button[text()='Login']]
2021-06-27 23:06:29 INFO  AccountPage :39 - clicking on deposit tab  [[ChromeDriver: chrome on WINDOWS (069754d571ee3f970410f755870e319b)] -> xpath: //button[@ng-click = 'deposit()']]
2021-06-27 23:06:758 INFO  AccountPage :47 - entering deposit amount[[ChromeDriver: chrome on WINDOWS (069754d571ee3f970410f755870e319b)] -> xpath: //input[@ng-model = 'amount']]100
2021-06-27 23:06:951 INFO  AccountPage :51 - clicking deposit button[[ChromeDriver: chrome on WINDOWS (069754d571ee3f970410f755870e319b)] -> xpath: //button[text() = 'Deposit']]
2021-06-27 23:06:130 INFO  AccountPage :63 - clicking withdrawal tab[[ChromeDriver: chrome on WINDOWS (069754d571ee3f970410f755870e319b)] -> xpath: //button[@ng-click = 'withdrawl()']]
2021-06-27 23:06:308 INFO  AccountPage :68 - entering withdrawl amount[[ChromeDriver: chrome on WINDOWS (069754d571ee3f970410f755870e319b)] -> xpath: //input[@ng-model = 'amount']]50
2021-06-27 23:06:489 INFO  AccountPage :72 - clicking withdrawal Button[[ChromeDriver: chrome on WINDOWS (069754d571ee3f970410f755870e319b)] -> xpath: //button[text() = 'Withdraw']]
2021-06-27 23:06:533 INFO  AccountPage :75 - verifying transaction successful text[[ChromeDriver: chrome on WINDOWS (069754d571ee3f970410f755870e319b)] -> xpath: //span[text() = 'Transaction successful']]
2021-06-27 23:06:419 INFO  BasePage :34 - Launching Chrome Browser 
2021-06-27 23:06:663 INFO  HomePage :28 - clicking on Bank manager Login tab[[ChromeDriver: chrome on WINDOWS (987875a845d405e9ebb8be232fef2da8)] -> xpath: //button[contains(text(), 'Bank Manager Login')]]
2021-06-27 23:06:406 INFO  BankManagerLoginPage :21 - clicking on add customer tab[[ChromeDriver: chrome on WINDOWS (987875a845d405e9ebb8be232fef2da8)] -> xpath: //button[@ng-click='addCust()']]
2021-06-27 23:06:03 INFO  AddCustomerPage :30 - Enter first name[[ChromeDriver: chrome on WINDOWS (987875a845d405e9ebb8be232fef2da8)] -> xpath: //body[1]/div[3]/div[1]/div[2]/div[1]/div[2]/div[1]/div[1]/form[1]/div[1]/input[1]]
2021-06-27 23:06:321 INFO  AddCustomerPage :34 - Enter last name[[ChromeDriver: chrome on WINDOWS (987875a845d405e9ebb8be232fef2da8)] -> xpath: //input[@placeholder='Last Name']]
2021-06-27 23:06:754 INFO  AddCustomerPage :38 - Enter postcode[[ChromeDriver: chrome on WINDOWS (987875a845d405e9ebb8be232fef2da8)] -> xpath: 
//body[1]/div[3]/div[1]/div[2]/div[1]/div[2]/div[1]/div[1]/form[1]/div[3]/input[1]]
2021-06-27 23:06:814 INFO  AddCustomerPage :41 - clicking add customer button[[ChromeDriver: chrome on WINDOWS (987875a845d405e9ebb8be232fef2da8)] -> xpath: //div[@class='form-group']//following-sibling::div[2]//following::button[@type='submit']]
2021-06-27 23:06:418 INFO  HomePage :32 - clicking on home tab[[ChromeDriver: chrome on WINDOWS (987875a845d405e9ebb8be232fef2da8)] -> xpath: //button[@class = 'btn home']]
2021-06-27 23:06:568 INFO  HomePage :24 - clicking on customerLogin tab[[ChromeDriver: chrome on WINDOWS (987875a845d405e9ebb8be232fef2da8)] -> xpath: //button[contains(text(), 'Customer Login')]]
2021-06-27 23:06:35 INFO  OpenAccountPage :36 - Selecting Customer from DropDown[[ChromeDriver: chrome on WINDOWS (987875a845d405e9ebb8be232fef2da8)] -> xpath: //option[text() = 'Hermoine Granger']]
2021-06-27 23:06:266 INFO  CustomerLoginPage :29 - Clikcing on Login Tab[[ChromeDriver: chrome on WINDOWS (987875a845d405e9ebb8be232fef2da8)] -> xpath: //button[text()='Login']]
2021-06-27 23:06:315 INFO  AccountPage :39 - clicking on deposit tab  [[ChromeDriver: chrome on WINDOWS (987875a845d405e9ebb8be232fef2da8)] -> xpath: //button[@ng-click = 'deposit()']]
2021-06-27 23:06:79 INFO  AccountPage :47 - entering deposit amount[[ChromeDriver: chrome on WINDOWS (987875a845d405e9ebb8be232fef2da8)] -> xpath: //input[@ng-model = 'amount']]100
2021-06-27 23:06:292 INFO  AccountPage :51 - clicking deposit button[[ChromeDriver: chrome on WINDOWS (987875a845d405e9ebb8be232fef2da8)] -> xpath: //button[text() = 'Deposit']]
2021-06-27 23:06:446 INFO  AccountPage :63 - clicking withdrawal tab[[ChromeDriver: chrome on WINDOWS (987875a845d405e9ebb8be232fef2da8)] -> xpath: //button[@ng-click = 'withdrawl()']]
2021-06-27 23:06:610 INFO  AccountPage :68 - entering withdrawl amount[[ChromeDriver: chrome on WINDOWS (987875a845d405e9ebb8be232fef2da8)] -> xpath: //input[@ng-model = 'amount']]50
2021-06-27 23:06:809 INFO  AccountPage :72 - clicking withdrawal Button[[ChromeDriver: chrome on WINDOWS (987875a845d405e9ebb8be232fef2da8)] -> xpath: //button[text() = 'Withdraw']]
2021-06-27 23:06:855 INFO  AccountPage :75 - verifying transaction successful text[[ChromeDriver: chrome on WINDOWS (987875a845d405e9ebb8be232fef2da8)] -> xpath: //span[text() = 'Transaction successful']]
2021-06-27 23:06:136 INFO  BasePage :34 - Launching Chrome Browser 
2021-06-27 23:06:706 INFO  HomePage :28 - clicking on Bank manager Login tab[[ChromeDriver: chrome on WINDOWS (520b496a0c57530771d2750cd02b938b)] -> xpath: //button[contains(text(), 'Bank Manager Login')]]
2021-06-27 23:06:69 INFO  BankManagerLoginPage :21 - clicking on add customer tab[[ChromeDriver: chrome on WINDOWS (520b496a0c57530771d2750cd02b938b)] -> xpath: //button[@ng-click='addCust()']]
2021-06-27 23:06:286 INFO  AddCustomerPage :30 - Enter first name[[ChromeDriver: chrome on WINDOWS (520b496a0c57530771d2750cd02b938b)] -> xpath: //body[1]/div[3]/div[1]/div[2]/div[1]/div[2]/div[1]/div[1]/form[1]/div[1]/input[1]]
2021-06-27 23:06:582 INFO  AddCustomerPage :34 - Enter last name[[ChromeDriver: chrome on WINDOWS (520b496a0c57530771d2750cd02b938b)] -> xpath: //input[@placeholder='Last Name']]
2021-06-27 23:06:917 INFO  AddCustomerPage :38 - Enter postcode[[ChromeDriver: chrome on WINDOWS (520b496a0c57530771d2750cd02b938b)] -> xpath: 
//body[1]/div[3]/div[1]/div[2]/div[1]/div[2]/div[1]/div[1]/form[1]/div[3]/input[1]]
2021-06-27 23:06:959 INFO  AddCustomerPage :41 - clicking add customer button[[ChromeDriver: chrome on WINDOWS (520b496a0c57530771d2750cd02b938b)] -> xpath: //div[@class='form-group']//following-sibling::div[2]//following::button[@type='submit']]
2021-06-27 23:06:616 INFO  HomePage :32 - clicking on home tab[[ChromeDriver: chrome on WINDOWS (520b496a0c57530771d2750cd02b938b)] -> xpath: //button[@class = 'btn home']]
2021-06-27 23:06:763 INFO  HomePage :24 - clicking on customerLogin tab[[ChromeDriver: chrome on WINDOWS (520b496a0c57530771d2750cd02b938b)] -> xpath: //button[contains(text(), 'Customer Login')]]
2021-06-27 23:06:218 INFO  OpenAccountPage :36 - Selecting Customer from DropDown[[ChromeDriver: chrome on WINDOWS (520b496a0c57530771d2750cd02b938b)] -> xpath: //option[text() = 'Hermoine Granger']]
2021-06-27 23:06:483 INFO  CustomerLoginPage :29 - Clikcing on Login Tab[[ChromeDriver: chrome on WINDOWS (520b496a0c57530771d2750cd02b938b)] -> xpath: //button[text()='Login']]
2021-06-27 23:06:529 INFO  AccountPage :39 - clicking on deposit tab  [[ChromeDriver: chrome on WINDOWS (520b496a0c57530771d2750cd02b938b)] -> xpath: //button[@ng-click = 'deposit()']]
2021-06-27 23:06:280 INFO  AccountPage :47 - entering deposit amount[[ChromeDriver: chrome on WINDOWS (520b496a0c57530771d2750cd02b938b)] -> xpath: //input[@ng-model = 'amount']]100
2021-06-27 23:06:467 INFO  AccountPage :51 - clicking deposit button[[ChromeDriver: chrome on WINDOWS (520b496a0c57530771d2750cd02b938b)] -> xpath: //button[text() = 'Deposit']]
2021-06-27 23:06:620 INFO  AccountPage :63 - clicking withdrawal tab[[ChromeDriver: chrome on WINDOWS (520b496a0c57530771d2750cd02b938b)] -> xpath: //button[@ng-click = 'withdrawl()']]
2021-06-27 23:06:792 INFO  AccountPage :68 - entering withdrawl amount[[ChromeDriver: chrome on WINDOWS (520b496a0c57530771d2750cd02b938b)] -> xpath: //input[@ng-model = 'amount']]50
2021-06-27 23:06:989 INFO  AccountPage :72 - clicking withdrawal Button[[ChromeDriver: chrome on WINDOWS (520b496a0c57530771d2750cd02b938b)] -> xpath: //button[text() = 'Withdraw']]
2021-06-27 23:06:36 INFO  AccountPage :75 - verifying transaction successful text[[ChromeDriver: chrome on WINDOWS (520b496a0c57530771d2750cd02b938b)] -> xpath: //span[text() = 'Transaction successful']]
